<?xml version="1.0" encoding="UTF-8"?>
<!-- Generated by org.testng.reporters.JUnitReportReporter -->
<testsuite skipped="0" hostname="DESKTOP-L4V7S20" name="org.sampletestng.SampleTestNG" tests="3" failures="0" timestamp="09 Nov 2021 02:47:21 GMT" time="20.898" errors="0">
  <testcase name="tc3" time="5.204" classname="org.sampletestng.SampleTestNG"/>
  <testcase name="tc2" time="5.661" classname="org.sampletestng.SampleTestNG"/>
  <testcase name="tc1" time="10.033" classname="org.sampletestng.SampleTestNG"/>
</testsuite> <!-- org.sampletestng.SampleTestNG -->
