<?xml version="1.0" encoding="UTF-8"?>
<!-- Generated by org.testng.reporters.JUnitReportReporter -->
<testsuite skipped="0" hostname="DESKTOP-L4V7S20" name="org.sampletestng.Aclass" tests="1" failures="0" timestamp="02 Dec 2021 21:09:31 GMT" time="0.041" errors="0">
  <testcase name="tc11" time="0.041" classname="org.sampletestng.Aclass"/>
</testsuite> <!-- org.sampletestng.Aclass -->
