<?xml version="1.0" encoding="UTF-8"?>
<!-- Generated by org.testng.reporters.JUnitReportReporter -->
<testsuite skipped="0" hostname="DESKTOP-L4V7S20" name="org.sampletestng.SampleAdactinLogin" tests="7" failures="0" timestamp="02 Dec 2021 20:51:02 GMT" time="191.579" errors="0">
  <testcase name="tc3" time="23.960" classname="org.sampletestng.SampleAdactinLogin"/>
  <testcase name="tc3" time="24.032" classname="org.sampletestng.SampleAdactinLogin"/>
  <testcase name="tc3" time="23.334" classname="org.sampletestng.SampleAdactinLogin"/>
  <testcase name="tc1" time="49.057" classname="org.sampletestng.SampleAdactinLogin"/>
  <testcase name="tc2" time="24.341" classname="org.sampletestng.SampleAdactinLogin"/>
  <testcase name="tc3" time="24.465" classname="org.sampletestng.SampleAdactinLogin"/>
  <testcase name="tc3" time="22.390" classname="org.sampletestng.SampleAdactinLogin"/>
</testsuite> <!-- org.sampletestng.SampleAdactinLogin -->
