<?xml version="1.0" encoding="UTF-8"?>
<!-- Generated by org.testng.reporters.JUnitReportReporter -->
<testsuite skipped="0" hostname="DESKTOP-L4V7S20" name="org.sampletestng.Bclass" tests="1" failures="0" timestamp="11 Nov 2021 00:47:10 GMT" time="0.030" errors="0">
  <testcase name="tc2" time="0.030" classname="org.sampletestng.Bclass"/>
</testsuite> <!-- org.sampletestng.Bclass -->
